TN:
SF:/home/rampage/Desktop/work/repos/cache/src/cache.instance.ts
FN:31,(anonymous_6)
FN:36,(anonymous_7)
FN:18,(anonymous_8)
FN:45,(anonymous_9)
FN:51,(anonymous_10)
FN:52,(anonymous_11)
FN:55,(anonymous_12)
FN:61,(anonymous_13)
FN:69,(anonymous_14)
FN:74,(anonymous_15)
FN:92,(anonymous_16)
FN:93,(anonymous_17)
FN:98,(anonymous_18)
FN:101,(anonymous_19)
FN:104,(anonymous_20)
FN:117,(anonymous_21)
FN:119,(anonymous_22)
FN:120,(anonymous_23)
FN:124,(anonymous_24)
FN:125,(anonymous_25)
FN:126,(anonymous_26)
FNF:21
FNH:14
FNDA:18,(anonymous_6)
FNDA:3,(anonymous_7)
FNDA:0,(anonymous_8)
FNDA:18,(anonymous_9)
FNDA:0,(anonymous_10)
FNDA:0,(anonymous_11)
FNDA:9,(anonymous_12)
FNDA:5,(anonymous_13)
FNDA:9,(anonymous_14)
FNDA:0,(anonymous_15)
FNDA:0,(anonymous_16)
FNDA:0,(anonymous_17)
FNDA:0,(anonymous_18)
FNDA:5,(anonymous_19)
FNDA:5,(anonymous_20)
FNDA:4,(anonymous_21)
FNDA:8,(anonymous_22)
FNDA:4,(anonymous_23)
FNDA:8,(anonymous_24)
FNDA:8,(anonymous_25)
FNDA:5,(anonymous_26)
DA:5,1
DA:6,1
DA:12,1
DA:13,18
DA:17,18
DA:21,0
DA:23,0
DA:25,0
DA:27,0
DA:32,18
DA:33,18
DA:34,18
DA:36,13
DA:38,0
DA:40,13
DA:42,18
DA:47,0
DA:52,0
DA:57,0
DA:63,5
DA:65,0
DA:70,9
DA:71,9
DA:72,9
DA:74,0
DA:76,4
DA:87,9
DA:88,9
DA:89,9
DA:93,0
DA:98,0
DA:102,5
DA:104,5
DA:111,4
DA:113,5
DA:114,5
DA:118,4
DA:119,8
DA:120,4
DA:125,8
DA:126,8
DA:127,8
DA:128,8
DA:134,0
DA:136,1
DA:138,1
DA:140,1
LF:47
LH:34
BRDA:38,0,0,0
BRDA:38,0,1,0
BRDA:132,1,0,1
BRDA:133,2,0,1
BRDA:133,2,1,0
BRDA:133,2,2,0
BRF:6
BRH:2
end_of_record
TN:
SF:/home/rampage/Desktop/work/repos/cache/src/cache.interfaces.ts
FN:8,(anonymous_0)
FNF:1
FNH:0
FNDA:0,(anonymous_0)
DA:1,1
DA:8,1
DA:9,0
DA:21,1
DA:25,1
LF:5
LH:4
BRF:0
BRH:0
end_of_record
TN:
SF:/home/rampage/Desktop/work/repos/cache/src/cache.service.ts
FN:34,(anonymous_4)
FN:42,(anonymous_5)
FN:30,(anonymous_6)
FN:54,(anonymous_7)
FN:60,(anonymous_8)
FN:72,(anonymous_9)
FN:79,(anonymous_10)
FN:94,(anonymous_11)
FN:106,(anonymous_12)
FN:120,(anonymous_13)
FN:125,(anonymous_14)
FN:132,(anonymous_15)
FN:135,(anonymous_16)
FN:144,(anonymous_17)
FN:147,(anonymous_18)
FN:151,(anonymous_19)
FN:161,(anonymous_20)
FN:165,(anonymous_21)
FN:171,(anonymous_22)
FN:176,(anonymous_23)
FN:178,(anonymous_24)
FN:183,(anonymous_25)
FN:184,(anonymous_26)
FN:187,(anonymous_27)
FN:188,(anonymous_28)
FN:192,(anonymous_29)
FNF:26
FNH:18
FNDA:5,(anonymous_4)
FNDA:6,(anonymous_5)
FNDA:20,(anonymous_6)
FNDA:18,(anonymous_7)
FNDA:17,(anonymous_8)
FNDA:0,(anonymous_9)
FNDA:18,(anonymous_10)
FNDA:23,(anonymous_11)
FNDA:18,(anonymous_12)
FNDA:18,(anonymous_13)
FNDA:0,(anonymous_14)
FNDA:0,(anonymous_15)
FNDA:0,(anonymous_16)
FNDA:0,(anonymous_17)
FNDA:7,(anonymous_18)
FNDA:16,(anonymous_19)
FNDA:7,(anonymous_20)
FNDA:16,(anonymous_21)
FNDA:0,(anonymous_22)
FNDA:0,(anonymous_23)
FNDA:0,(anonymous_24)
FNDA:2,(anonymous_25)
FNDA:2,(anonymous_26)
FNDA:7,(anonymous_27)
FNDA:7,(anonymous_28)
FNDA:3,(anonymous_29)
DA:1,1
DA:2,1
DA:3,1
DA:4,1
DA:5,1
DA:13,1
DA:24,1
DA:25,5
DA:28,5
DA:31,20
DA:35,5
DA:38,4
DA:42,3
DA:43,6
DA:45,6
DA:49,1
DA:57,18
DA:61,17
DA:63,17
DA:64,17
DA:66,0
DA:67,0
DA:69,17
DA:74,0
DA:76,0
DA:82,18
DA:84,0
DA:86,18
DA:87,18
DA:88,18
DA:89,18
DA:91,13
DA:94,23
DA:98,13
DA:100,18
DA:101,18
DA:102,18
DA:103,18
DA:109,18
DA:111,18
DA:112,18
DA:114,0
DA:116,0
DA:123,18
DA:125,18
DA:126,0
DA:135,0
DA:144,0
DA:149,7
DA:150,7
DA:151,16
DA:153,7
DA:158,7
DA:162,7
DA:165,16
DA:167,7
DA:175,0
DA:176,0
DA:177,0
DA:178,0
DA:179,0
DA:184,2
DA:186,2
DA:187,7
DA:188,7
DA:190,1
DA:192,3
DA:194,2
DA:195,2
LF:69
LH:54
BRDA:37,0,0,5
BRDA:37,0,1,4
BRDA:69,1,0,0
BRDA:69,1,1,17
BRDA:86,2,0,18
BRDA:86,2,1,12
BRDA:87,3,0,18
BRDA:87,3,1,12
BRDA:88,4,0,18
BRDA:88,4,1,12
BRDA:88,4,2,0
BRDA:90,5,0,18
BRDA:90,5,1,13
BRDA:111,6,0,18
BRDA:111,6,1,18
BRDA:138,7,0,0
BRDA:138,7,1,0
BRF:17
BRH:13
end_of_record
